<?xml version="1.0" encoding="UTF-8"?>
<!-- Generated by org.testng.reporters.JUnitReportReporter -->
<testsuite skipped="0" hostname="LAPTOP-P4K5B7P5" name="Automation.Cucumber.AppTest" tests="1" failures="0" timestamp="2021-07-17T23:32:57 IST" time="0.005" errors="0">
  <testcase name="testApp" time="0.005" classname="Automation.Cucumber.AppTest"/>
  <system-out/>
</testsuite> <!-- Automation.Cucumber.AppTest -->
