<?xml version="1.0" encoding="UTF-8"?>
<!-- Generated by org.testng.reporters.JUnitReportReporter -->
<testsuite skipped="0" hostname="LAPTOP-P4K5B7P5" name="cucumberOptions.TestRunnerTestNg" tests="4" failures="0" timestamp="2021-07-17T23:32:56 IST" time="0.275" errors="0">
  <testcase name="runScenario" time="0.004" classname="cucumberOptions.TestRunnerTestNg"/>
  <system-out/>
  <testcase name="runScenario" time="0.004" classname="cucumberOptions.TestRunnerTestNg"/>
  <system-out/>
  <testcase name="runScenario" time="0.253" classname="cucumberOptions.TestRunnerTestNg"/>
  <system-out/>
  <testcase name="runScenario" time="0.014" classname="cucumberOptions.TestRunnerTestNg"/>
  <system-out/>
</testsuite> <!-- cucumberOptions.TestRunnerTestNg -->
